  NetworkClient.cpp
c1xx : fatal error C1083: Cannot open source file: 'Source\Common\Common\NetworkClient.cpp': No such file or directory
  NetworkThread.cpp
c1xx : fatal error C1083: Cannot open source file: 'Source\Common\Common\NetworkThread.cpp': No such file or directory
  MainServer.cpp
D:\Spel\Programming\C++\MinecraftOpenGL\Server\Source\MainServer.cpp(1,1): warning C4005: 'SERVER_BUILD': macro redefinition
D:\Spel\Programming\C++\MinecraftOpenGL\Server\Source\MainServer.cpp : message : see previous definition of 'SERVER_BUILD'
D:\Spel\Programming\C++\MinecraftOpenGL\Server\Source\MainServer.cpp(13,10): fatal error C1083: Cannot open include file: 'Common/NetworkThread.h': No such file or directory
  NetworkSession.cpp
  Blocks.cpp
D:\Spel\Programming\C++\MinecraftOpenGL\Server\Source\Temp\World\Player\Player.h(4,10): fatal error C1083: Cannot open include file: 'Common/NetworkClient.h': No such file or directory
  ThreadPool.cpp
D:\Spel\Programming\C++\MinecraftOpenGL\Server\Source\Common\Common\Chunk\Chunk.h(10,11): fatal error C1083: Cannot open include file: '../../Graphics/Graphics/Mesh.hpp': No such file or directory
  BlockEntity.cpp
D:\Spel\Programming\C++\MinecraftOpenGL\Server\Source\Temp\World\Player\Player.h(4,10): fatal error C1083: Cannot open include file: 'Common/NetworkClient.h': No such file or directory
  Chunk.cpp
C:\Program Files (x86)\Microsoft Visual Studio\2019\Community\VC\Tools\MSVC\14.28.29910\include\xlocnum(12,1): warning C4103: alignment changed after including header, may be due to missing #pragma pack(pop)
C:\Program Files (x86)\Microsoft Visual Studio\2019\Community\VC\Tools\MSVC\14.28.29910\include\ios(11,1): warning C4103: alignment changed after including header, may be due to missing #pragma pack(pop)
C:\Program Files (x86)\Microsoft Visual Studio\2019\Community\VC\Tools\MSVC\14.28.29910\include\ostream(11,1): warning C4103: alignment changed after including header, may be due to missing #pragma pack(pop)
C:\Program Files (x86)\Microsoft Visual Studio\2019\Community\VC\Tools\MSVC\14.28.29910\include\istream(11,1): warning C4103: alignment changed after including header, may be due to missing #pragma pack(pop)
C:\Program Files (x86)\Microsoft Visual Studio\2019\Community\VC\Tools\MSVC\14.28.29910\include\sstream(11,1): warning C4103: alignment changed after including header, may be due to missing #pragma pack(pop)
C:\Program Files (x86)\Microsoft Visual Studio\2019\Community\VC\Tools\MSVC\14.28.29910\include\chrono(14,1): warning C4103: alignment changed after including header, may be due to missing #pragma pack(pop)
C:\Program Files (x86)\Microsoft Visual Studio\2019\Community\VC\Tools\MSVC\14.28.29910\include\mutex(16,1): warning C4103: alignment changed after including header, may be due to missing #pragma pack(pop)
D:\Spel\Programming\C++\MinecraftOpenGL\Server\Source\Temp\Graphics\Graphics\Mesh.hpp(7,1): warning C4103: alignment changed after including header, may be due to missing #pragma pack(pop)
D:\Spel\Programming\C++\MinecraftOpenGL\Server\Source\Temp\World\Chunk\Chunk.h(10,1): warning C4103: alignment changed after including header, may be due to missing #pragma pack(pop)
D:\Spel\Programming\C++\MinecraftOpenGL\Server\Source\Temp\World\Chunk\Chunk.cpp(1,1): warning C4103: alignment changed after including header, may be due to missing #pragma pack(pop)
D:\Spel\Programming\C++\MinecraftOpenGL\Server\Source\Temp\World\Player\Player.h(4,10): fatal error C1083: Cannot open include file: 'Common/NetworkClient.h': No such file or directory
  ChunkBlock.cpp
D:\Spel\Programming\C++\MinecraftOpenGL\Server\Source\Temp\World\Player\Player.h(4,10): fatal error C1083: Cannot open include file: 'Common/NetworkClient.h': No such file or directory
  ChunkBuilder.cpp
D:\Spel\Programming\C++\MinecraftOpenGL\Server\Source\Temp\World\Player\Player.h(4,10): fatal error C1083: Cannot open include file: 'Common/NetworkClient.h': No such file or directory
  ChunkIO.cpp
D:\Spel\Programming\C++\MinecraftOpenGL\Server\Source\Temp\World\Player\Player.h(4,10): fatal error C1083: Cannot open include file: 'Common/NetworkClient.h': No such file or directory
  Collider.cpp
D:\Spel\Programming\C++\MinecraftOpenGL\Server\Source\Temp\World\Player\Player.h(4,10): fatal error C1083: Cannot open include file: 'Common/NetworkClient.h': No such file or directory
  DroppedItem.cpp
D:\Spel\Programming\C++\MinecraftOpenGL\Server\Source\Temp\World\Player\Player.h(4,10): fatal error C1083: Cannot open include file: 'Common/NetworkClient.h': No such file or directory
  Crosshair.cpp
D:\Spel\Programming\C++\MinecraftOpenGL\Server\Source\Temp\World\Player\Player.h(4,10): fatal error C1083: Cannot open include file: 'Common/NetworkClient.h': No such file or directory
  Player.cpp
D:\Spel\Programming\C++\MinecraftOpenGL\Server\Source\Temp\World\Player\Player.h(4,10): fatal error C1083: Cannot open include file: 'Common/NetworkClient.h': No such file or directory
  Skybox.cpp
D:\Spel\Programming\C++\MinecraftOpenGL\Server\Source\Temp\World\Player\Player.h(4,10): fatal error C1083: Cannot open include file: 'Common/NetworkClient.h': No such file or directory
  World.cpp
C:\Program Files (x86)\Microsoft Visual Studio\2019\Community\VC\Tools\MSVC\14.28.29910\include\functional(13,1): warning C4103: alignment changed after including header, may be due to missing #pragma pack(pop)
D:\Spel\Programming\C++\MinecraftOpenGL\Dependencies\glm\glm\gtx\hash.hpp(23,1): warning C4103: alignment changed after including header, may be due to missing #pragma pack(pop)
D:\Spel\Programming\C++\MinecraftOpenGL\Server\Source\Temp\World\World.h(6,1): warning C4103: alignment changed after including header, may be due to missing #pragma pack(pop)
D:\Spel\Programming\C++\MinecraftOpenGL\Server\Source\Temp\World\Player\Player.h(4,10): fatal error C1083: Cannot open include file: 'Common/NetworkClient.h': No such file or directory
  WorldRenderer.cpp
D:\Spel\Programming\C++\MinecraftOpenGL\Server\Source\Temp\World\Player\Player.h(4,10): fatal error C1083: Cannot open include file: 'Common/NetworkClient.h': No such file or directory
  Generating Code...
