d:\spel\programming\c++\minecraftopengl\build\minecraftopengl\intermediates\x64\release\vertex.obj
d:\spel\programming\c++\minecraftopengl\build\minecraftopengl\intermediates\x64\release\noisegenerator.obj
d:\spel\programming\c++\minecraftopengl\build\minecraftopengl\intermediates\x64\release\raycast.obj
d:\spel\programming\c++\minecraftopengl\build\minecraftopengl\intermediates\x64\release\time.obj
d:\spel\programming\c++\minecraftopengl\build\minecraftopengl\intermediates\x64\release\camera.obj
d:\spel\programming\c++\minecraftopengl\build\minecraftopengl\intermediates\x64\release\fastnoise.obj
d:\spel\programming\c++\minecraftopengl\build\minecraftopengl\intermediates\x64\release\cubemap.obj
d:\spel\programming\c++\minecraftopengl\build\minecraftopengl\intermediates\x64\release\texture2d.obj
d:\spel\programming\c++\minecraftopengl\build\minecraftopengl\intermediates\x64\release\threadpool.obj
d:\spel\programming\c++\minecraftopengl\build\minecraftopengl\intermediates\x64\release\chunkbuilder.obj
d:\spel\programming\c++\minecraftopengl\build\minecraftopengl\intermediates\x64\release\utils.obj
d:\spel\programming\c++\minecraftopengl\build\minecraftopengl\intermediates\x64\release\world.obj
d:\spel\programming\c++\minecraftopengl\build\minecraftopengl\intermediates\x64\release\shader.obj
d:\spel\programming\c++\minecraftopengl\build\minecraftopengl\intermediates\x64\release\blockentity.obj
d:\spel\programming\c++\minecraftopengl\build\minecraftopengl\intermediates\x64\release\inputhandler.obj
d:\spel\programming\c++\minecraftopengl\build\minecraftopengl\intermediates\x64\release\player.obj
d:\spel\programming\c++\minecraftopengl\build\minecraftopengl\intermediates\x64\release\main.obj
d:\spel\programming\c++\minecraftopengl\build\minecraftopengl\intermediates\x64\release\modelparser.obj
d:\spel\programming\c++\minecraftopengl\build\minecraftopengl\intermediates\x64\release\textureatlas.obj
d:\spel\programming\c++\minecraftopengl\build\minecraftopengl\intermediates\x64\release\droppeditem.obj
d:\spel\programming\c++\minecraftopengl\build\minecraftopengl\intermediates\x64\release\crosshair.obj
d:\spel\programming\c++\minecraftopengl\build\minecraftopengl\intermediates\x64\release\chunk.obj
d:\spel\programming\c++\minecraftopengl\build\minecraftopengl\intermediates\x64\release\worldrenderer.obj
d:\spel\programming\c++\minecraftopengl\build\minecraftopengl\intermediates\x64\release\blocks.obj
d:\spel\programming\c++\minecraftopengl\build\minecraftopengl\intermediates\x64\release\chunkio.obj
d:\spel\programming\c++\minecraftopengl\build\minecraftopengl\intermediates\x64\release\collider.obj
d:\spel\programming\c++\minecraftopengl\build\minecraftopengl\intermediates\x64\release\chunkblock.obj
d:\spel\programming\c++\minecraftopengl\build\minecraftopengl\intermediates\x64\release\skybox.obj
d:\spel\programming\c++\minecraftopengl\build\minecraftopengl\intermediates\x64\release\source.obj
d:\spel\programming\c++\minecraftopengl\build\minecraftopengl\intermediates\x64\release\networkmessages.obj
d:\spel\programming\c++\minecraftopengl\build\minecraftopengl\x64\release\minecraftopengl.exe
d:\spel\programming\c++\minecraftopengl\build\minecraftopengl\intermediates\x64\release\minecraftopengl.iobj
d:\spel\programming\c++\minecraftopengl\build\minecraftopengl\x64\release\minecraftopengl.pdb
d:\spel\programming\c++\minecraftopengl\build\minecraftopengl\intermediates\x64\release\minecraftopengl.ipdb
d:\spel\programming\c++\minecraftopengl\build\minecraftopengl\intermediates\x64\release\vc142.pdb
d:\spel\programming\c++\minecraftopengl\build\minecraftopengl\intermediates\x64\release\minecraftopengl.tlog\cl.command.1.tlog
d:\spel\programming\c++\minecraftopengl\build\minecraftopengl\intermediates\x64\release\minecraftopengl.tlog\cl.read.1.tlog
d:\spel\programming\c++\minecraftopengl\build\minecraftopengl\intermediates\x64\release\minecraftopengl.tlog\cl.write.1.tlog
d:\spel\programming\c++\minecraftopengl\build\minecraftopengl\intermediates\x64\release\minecraftopengl.tlog\link.command.1.tlog
d:\spel\programming\c++\minecraftopengl\build\minecraftopengl\intermediates\x64\release\minecraftopengl.tlog\link.read.1.tlog
d:\spel\programming\c++\minecraftopengl\build\minecraftopengl\intermediates\x64\release\minecraftopengl.tlog\link.write.1.tlog
